<?xml version="1.0" encoding="UTF-8"?>
<testng-results ignored="0" total="1" passed="1" failed="0" skipped="0">
  <reporter-output>
  </reporter-output>
  <suite started-at="2022-10-11T21:52:30 IST" name="Default suite" finished-at="2022-10-11T21:53:21 IST" duration-ms="50530">
    <groups>
    </groups>
    <test started-at="2022-10-11T21:52:30 IST" name="Default test" finished-at="2022-10-11T21:53:21 IST" duration-ms="50530">
      <class name="Chrome">
        <test-method signature="f()[pri:0, instance:Chrome@21e360a]" started-at="2022-10-11T21:52:30 IST" name="f" finished-at="2022-10-11T21:53:21 IST" duration-ms="50487" status="PASS">
          <reporter-output>
          </reporter-output>
        </test-method> <!-- f -->
      </class> <!-- Chrome -->
    </test> <!-- Default test -->
  </suite> <!-- Default suite -->
</testng-results>
